c:\users\kostakis\documents\visual studio 2015\projects\switchingsimulator\switchingsimulator\x64\debug\switchingsimulator.pch
c:\users\kostakis\documents\visual studio 2015\projects\switchingsimulator\switchingsimulator\x64\debug\vc140.pdb
c:\users\kostakis\documents\visual studio 2015\projects\switchingsimulator\switchingsimulator\x64\debug\vc140.idb
c:\users\kostakis\documents\visual studio 2015\projects\switchingsimulator\switchingsimulator\x64\debug\stdafx.obj
c:\users\kostakis\documents\visual studio 2015\projects\switchingsimulator\switchingsimulator\x64\debug\logicelement.obj
c:\users\kostakis\documents\visual studio 2015\projects\switchingsimulator\switchingsimulator\x64\debug\switchingsimulator.obj
c:\users\kostakis\documents\visual studio 2015\projects\switchingsimulator\x64\debug\switchingsimulator.pdb
c:\users\kostakis\documents\visual studio 2015\projects\switchingsimulator\switchingsimulator\x64\debug\switchin.98059d66.tlog\cl.command.1.tlog
c:\users\kostakis\documents\visual studio 2015\projects\switchingsimulator\switchingsimulator\x64\debug\switchin.98059d66.tlog\cl.read.1.tlog
c:\users\kostakis\documents\visual studio 2015\projects\switchingsimulator\switchingsimulator\x64\debug\switchin.98059d66.tlog\cl.write.1.tlog
c:\users\kostakis\documents\visual studio 2015\projects\switchingsimulator\switchingsimulator\x64\debug\switchin.98059d66.tlog\link-cvtres.read.1.tlog
c:\users\kostakis\documents\visual studio 2015\projects\switchingsimulator\switchingsimulator\x64\debug\switchin.98059d66.tlog\link-cvtres.write.1.tlog
c:\users\kostakis\documents\visual studio 2015\projects\switchingsimulator\switchingsimulator\x64\debug\switchin.98059d66.tlog\link-rc.read.1.tlog
c:\users\kostakis\documents\visual studio 2015\projects\switchingsimulator\switchingsimulator\x64\debug\switchin.98059d66.tlog\link-rc.write.1.tlog
c:\users\kostakis\documents\visual studio 2015\projects\switchingsimulator\switchingsimulator\x64\debug\switchin.98059d66.tlog\link.15704-cvtres.read.1.tlog
c:\users\kostakis\documents\visual studio 2015\projects\switchingsimulator\switchingsimulator\x64\debug\switchin.98059d66.tlog\link.15704-cvtres.write.1.tlog
c:\users\kostakis\documents\visual studio 2015\projects\switchingsimulator\switchingsimulator\x64\debug\switchin.98059d66.tlog\link.15704-rc.read.1.tlog
c:\users\kostakis\documents\visual studio 2015\projects\switchingsimulator\switchingsimulator\x64\debug\switchin.98059d66.tlog\link.15704-rc.write.1.tlog
c:\users\kostakis\documents\visual studio 2015\projects\switchingsimulator\switchingsimulator\x64\debug\switchin.98059d66.tlog\link.15704.read.1.tlog
c:\users\kostakis\documents\visual studio 2015\projects\switchingsimulator\switchingsimulator\x64\debug\switchin.98059d66.tlog\link.15704.write.1.tlog
c:\users\kostakis\documents\visual studio 2015\projects\switchingsimulator\switchingsimulator\x64\debug\switchin.98059d66.tlog\link.command.1.tlog
c:\users\kostakis\documents\visual studio 2015\projects\switchingsimulator\switchingsimulator\x64\debug\switchin.98059d66.tlog\link.read.1.tlog
c:\users\kostakis\documents\visual studio 2015\projects\switchingsimulator\switchingsimulator\x64\debug\switchin.98059d66.tlog\link.write.1.tlog
